2024-08-05T00:25:53.105Z info: GET /
2024-08-05T00:25:53.137Z info: GET /api/data
2024-08-05T00:25:53.147Z info: GET /api/data
2024-08-05T00:25:53.150Z info: GET /api/data
2024-08-05T00:25:53.152Z info: GET /api/data
2024-08-05T00:25:53.155Z info: GET /api/data
2024-08-05T00:25:54.112Z info: GET /sw.js
2024-08-05T00:25:54.114Z info: GET /api/data
2024-08-05T00:25:54.116Z info: GET /api/data
2024-08-05T00:25:54.118Z info: GET /api/data
2024-08-05T00:25:54.121Z info: GET /api/data
2024-08-05T00:26:51.644Z info: GET /
2024-08-05T00:26:51.647Z info: GET /api/data
2024-08-05T00:26:51.650Z info: GET /api/data
2024-08-05T00:26:51.652Z info: GET /api/data
2024-08-05T00:26:51.654Z info: GET /api/data
2024-08-05T00:26:51.656Z info: GET /api/data
2024-08-05T00:26:51.700Z info: GET /favicon.ico
2024-08-05T00:26:51.704Z info: GET /api/data
2024-08-05T00:26:51.707Z info: GET /api/data
2024-08-05T00:26:51.709Z info: GET /api/data
2024-08-05T00:26:51.711Z info: GET /api/data
2024-08-05T00:26:52.748Z info: GET /sw.js
2024-08-05T00:26:52.750Z info: GET /api/data
2024-08-05T00:26:52.752Z info: GET /api/data
2024-08-05T00:26:52.754Z info: GET /api/data
2024-08-05T00:26:52.757Z info: GET /api/data
2024-08-05T00:27:04.522Z info: GET /
2024-08-05T00:27:04.525Z info: GET /api/data
2024-08-05T00:27:04.527Z info: GET /api/data
2024-08-05T00:27:04.529Z info: GET /api/data
2024-08-05T00:27:04.530Z info: GET /api/data
2024-08-05T00:27:04.532Z info: GET /api/data
2024-08-05T00:27:05.609Z info: GET /sw.js
2024-08-05T00:27:05.610Z info: GET /api/data
2024-08-05T00:27:05.612Z info: GET /api/data
2024-08-05T00:27:05.613Z info: GET /api/data
2024-08-05T00:27:05.615Z info: GET /api/data
2024-08-05T00:27:11.364Z info: GET /
2024-08-05T00:27:11.366Z info: GET /api/data
2024-08-05T00:27:11.368Z info: GET /api/data
2024-08-05T00:27:11.370Z info: GET /api/data
2024-08-05T00:27:11.372Z info: GET /api/data
2024-08-05T00:27:11.374Z info: GET /api/data
2024-08-05T00:27:12.447Z info: GET /sw.js
2024-08-05T00:27:12.449Z info: GET /api/data
2024-08-05T00:27:12.450Z info: GET /api/data
2024-08-05T00:27:12.452Z info: GET /api/data
2024-08-05T00:27:12.454Z info: GET /api/data
2024-08-05T00:27:56.709Z info: GET /
2024-08-05T00:27:56.712Z info: GET /api/data
2024-08-05T00:27:56.714Z info: GET /api/data
2024-08-05T00:27:56.716Z info: GET /api/data
2024-08-05T00:27:56.717Z info: GET /api/data
2024-08-05T00:27:56.719Z info: GET /api/data
2024-08-05T00:27:57.773Z info: GET /sw.js
2024-08-05T00:27:57.775Z info: GET /api/data
2024-08-05T00:27:57.777Z info: GET /api/data
2024-08-05T00:27:57.779Z info: GET /api/data
2024-08-05T00:27:57.781Z info: GET /api/data
2024-08-05T00:28:03.264Z info: GET /
2024-08-05T00:28:03.265Z info: GET /api/data
2024-08-05T00:28:03.267Z info: GET /api/data
2024-08-05T00:28:03.268Z info: GET /api/data
2024-08-05T00:28:03.269Z info: GET /api/data
2024-08-05T00:28:03.270Z info: GET /api/data
2024-08-05T00:28:03.914Z info: GET /favicon.ico
2024-08-05T00:28:03.915Z info: GET /api/data
2024-08-05T00:28:03.916Z info: GET /api/data
2024-08-05T00:28:03.917Z info: GET /api/data
2024-08-05T00:28:03.918Z info: GET /api/data
2024-08-05T00:29:24.275Z info: GET /
2024-08-05T00:29:24.297Z info: GET /api/data
2024-08-05T00:29:24.305Z info: GET /api/data
2024-08-05T00:29:24.307Z info: GET /api/data
2024-08-05T00:29:24.309Z info: GET /api/data
2024-08-05T00:29:24.311Z info: GET /api/data
2024-08-05T00:29:33.862Z info: GET /about
2024-08-05T00:29:33.865Z info: GET /api/data
2024-08-05T00:29:33.867Z info: GET /api/data
2024-08-05T00:29:33.870Z info: GET /api/data
2024-08-05T00:29:33.872Z info: GET /api/data
2024-08-05T00:29:35.040Z info: GET /
2024-08-05T00:29:35.042Z info: GET /api/data
2024-08-05T00:29:35.043Z info: GET /api/data
2024-08-05T00:29:35.044Z info: GET /api/data
2024-08-05T00:29:35.046Z info: GET /api/data
2024-08-05T00:29:35.047Z info: GET /api/data
2024-08-05T00:29:35.804Z info: GET /about
2024-08-05T00:29:35.806Z info: GET /api/data
2024-08-05T00:29:35.807Z info: GET /api/data
2024-08-05T00:29:35.808Z info: GET /api/data
2024-08-05T00:29:35.809Z info: GET /api/data
2024-08-05T00:29:35.877Z info: GET /favicon.ico
2024-08-05T00:29:35.878Z info: GET /api/data
2024-08-05T00:29:35.880Z info: GET /api/data
2024-08-05T00:29:35.883Z info: GET /api/data
2024-08-05T00:29:35.884Z info: GET /api/data
2024-08-05T00:29:38.763Z info: GET /
2024-08-05T00:29:38.764Z info: GET /api/data
2024-08-05T00:29:38.766Z info: GET /api/data
2024-08-05T00:29:38.767Z info: GET /api/data
2024-08-05T00:29:38.768Z info: GET /api/data
2024-08-05T00:29:38.770Z info: GET /api/data
